<?xml version="1.0" encoding="UTF-8"?>
<!-- Generated by org.testng.reporters.JUnitReportReporter -->
<testsuite hostname="DESKTOP-G87HA0I" failures="0" tests="2" name="testcases.LoginTest" time="5.672" errors="0" timestamp="2023-02-11T15:20:52 IST" skipped="0">
  <testcase classname="testcases.LoginTest" name="loginToApplication" time="3.371"/>
  <system-out/>
  <testcase classname="testcases.LoginTest" name="loginToApplication" time="2.301"/>
  <system-out/>
</testsuite> <!-- testcases.LoginTest -->
