<?xml version="1.0" encoding="UTF-8"?>
<!-- Generated by org.testng.reporters.JUnitReportReporter -->
<testsuite skipped="0" hostname="DESKTOP-G87HA0I" name="testcases.LoginTest" tests="2" failures="0" timestamp="2023-02-12T21:01:38 IST" time="9.228" errors="0">
  <testcase name="loginToApplication" time="6.089" classname="testcases.LoginTest"/>
  <system-out/>
  <testcase name="loginToApplication" time="3.139" classname="testcases.LoginTest"/>
  <system-out/>
</testsuite> <!-- testcases.LoginTest -->
